{"D:\\Projects\\test\\src\\controllers\\tags.controller.ts": {"path":"D:\\Projects\\test\\src\\controllers\\tags.controller.ts","statementMap":{"0":{"start":{"line":3,"column":0},"end":{"line":3,"column":64}},"1":{"start":{"line":4,"column":0},"end":{"line":4,"column":67}},"2":{"start":{"line":5,"column":0},"end":{"line":5,"column":57}},"3":{"start":{"line":7,"column":0},"end":{"line":7,"column":null}},"4":{"start":{"line":33,"column":33},"end":{"line":57,"column":1}},"5":{"start":{"line":37,"column":1},"end":{"line":56,"column":2}},"6":{"start":{"line":38,"column":17},"end":{"line":38,"column":52}},"7":{"start":{"line":40,"column":2},"end":{"line":44,"column":null}},"8":{"start":{"line":46,"column":2},"end":{"line":50,"column":3}},"9":{"start":{"line":47,"column":3},"end":{"line":49,"column":null}},"10":{"start":{"line":52,"column":2},"end":{"line":52,"column":null}},"11":{"start":{"line":53,"column":2},"end":{"line":55,"column":null}},"12":{"start":{"line":33,"column":13},"end":{"line":33,"column":33}},"13":{"start":{"line":62,"column":32},"end":{"line":96,"column":1}},"14":{"start":{"line":63,"column":1},"end":{"line":95,"column":2}},"15":{"start":{"line":64,"column":13},"end":{"line":64,"column":44}},"16":{"start":{"line":66,"column":2},"end":{"line":70,"column":3}},"17":{"start":{"line":67,"column":3},"end":{"line":69,"column":null}},"18":{"start":{"line":72,"column":14},"end":{"line":72,"column":37}},"19":{"start":{"line":74,"column":2},"end":{"line":78,"column":3}},"20":{"start":{"line":75,"column":3},"end":{"line":77,"column":null}},"21":{"start":{"line":80,"column":2},"end":{"line":83,"column":null}},"22":{"start":{"line":85,"column":2},"end":{"line":89,"column":3}},"23":{"start":{"line":86,"column":3},"end":{"line":88,"column":null}},"24":{"start":{"line":91,"column":2},"end":{"line":91,"column":null}},"25":{"start":{"line":92,"column":2},"end":{"line":94,"column":null}},"26":{"start":{"line":62,"column":13},"end":{"line":62,"column":32}},"27":{"start":{"line":101,"column":35},"end":{"line":128,"column":1}},"28":{"start":{"line":102,"column":1},"end":{"line":127,"column":2}},"29":{"start":{"line":103,"column":14},"end":{"line":103,"column":50}},"30":{"start":{"line":105,"column":2},"end":{"line":109,"column":null}},"31":{"start":{"line":111,"column":2},"end":{"line":115,"column":3}},"32":{"start":{"line":112,"column":3},"end":{"line":114,"column":null}},"33":{"start":{"line":117,"column":2},"end":{"line":121,"column":3}},"34":{"start":{"line":118,"column":3},"end":{"line":120,"column":null}},"35":{"start":{"line":123,"column":2},"end":{"line":123,"column":null}},"36":{"start":{"line":124,"column":2},"end":{"line":126,"column":null}},"37":{"start":{"line":101,"column":13},"end":{"line":101,"column":35}},"38":{"start":{"line":133,"column":35},"end":{"line":178,"column":1}},"39":{"start":{"line":137,"column":1},"end":{"line":177,"column":2}},"40":{"start":{"line":138,"column":13},"end":{"line":138,"column":44}},"41":{"start":{"line":140,"column":2},"end":{"line":144,"column":3}},"42":{"start":{"line":141,"column":3},"end":{"line":143,"column":null}},"43":{"start":{"line":146,"column":21},"end":{"line":146,"column":44}},"44":{"start":{"line":147,"column":14},"end":{"line":147,"column":48}},"45":{"start":{"line":149,"column":2},"end":{"line":153,"column":3}},"46":{"start":{"line":150,"column":3},"end":{"line":152,"column":null}},"47":{"start":{"line":155,"column":2},"end":{"line":159,"column":null}},"48":{"start":{"line":161,"column":2},"end":{"line":165,"column":3}},"49":{"start":{"line":162,"column":3},"end":{"line":164,"column":null}},"50":{"start":{"line":167,"column":2},"end":{"line":171,"column":3}},"51":{"start":{"line":168,"column":3},"end":{"line":170,"column":null}},"52":{"start":{"line":173,"column":2},"end":{"line":173,"column":null}},"53":{"start":{"line":174,"column":2},"end":{"line":176,"column":null}},"54":{"start":{"line":133,"column":13},"end":{"line":133,"column":35}},"55":{"start":{"line":183,"column":35},"end":{"line":223,"column":1}},"56":{"start":{"line":184,"column":1},"end":{"line":222,"column":2}},"57":{"start":{"line":185,"column":13},"end":{"line":185,"column":44}},"58":{"start":{"line":187,"column":2},"end":{"line":191,"column":3}},"59":{"start":{"line":188,"column":3},"end":{"line":190,"column":null}},"60":{"start":{"line":193,"column":2},"end":{"line":193,"column":null}},"61":{"start":{"line":195,"column":2},"end":{"line":198,"column":null}},"62":{"start":{"line":200,"column":2},"end":{"line":204,"column":3}},"63":{"start":{"line":201,"column":3},"end":{"line":203,"column":null}},"64":{"start":{"line":206,"column":2},"end":{"line":210,"column":3}},"65":{"start":{"line":207,"column":3},"end":{"line":209,"column":null}},"66":{"start":{"line":212,"column":2},"end":{"line":216,"column":3}},"67":{"start":{"line":213,"column":3},"end":{"line":215,"column":null}},"68":{"start":{"line":218,"column":2},"end":{"line":218,"column":null}},"69":{"start":{"line":219,"column":2},"end":{"line":221,"column":null}},"70":{"start":{"line":183,"column":13},"end":{"line":183,"column":35}}},"fnMap":{"0":{"name":"(anonymous_1)","decl":{"start":{"line":33,"column":33},"end":{"line":33,"column":38}},"loc":{"start":{"line":36,"column":4},"end":{"line":57,"column":1}}},"1":{"name":"(anonymous_2)","decl":{"start":{"line":62,"column":32},"end":{"line":62,"column":37}},"loc":{"start":{"line":62,"column":110},"end":{"line":96,"column":1}}},"2":{"name":"(anonymous_3)","decl":{"start":{"line":101,"column":35},"end":{"line":101,"column":40}},"loc":{"start":{"line":101,"column":115},"end":{"line":128,"column":1}}},"3":{"name":"(anonymous_4)","decl":{"start":{"line":133,"column":35},"end":{"line":133,"column":40}},"loc":{"start":{"line":136,"column":4},"end":{"line":178,"column":1}}},"4":{"name":"(anonymous_5)","decl":{"start":{"line":183,"column":35},"end":{"line":183,"column":40}},"loc":{"start":{"line":183,"column":113},"end":{"line":223,"column":1}}}},"branchMap":{"0":{"loc":{"start":{"line":46,"column":2},"end":{"line":50,"column":3}},"type":"if","locations":[{"start":{"line":46,"column":2},"end":{"line":50,"column":3}},{"start":{},"end":{}}]},"1":{"loc":{"start":{"line":66,"column":2},"end":{"line":70,"column":3}},"type":"if","locations":[{"start":{"line":66,"column":2},"end":{"line":70,"column":3}},{"start":{},"end":{}}]},"2":{"loc":{"start":{"line":66,"column":6},"end":{"line":66,"column":26}},"type":"binary-expr","locations":[{"start":{"line":66,"column":6},"end":{"line":66,"column":15}},{"start":{"line":66,"column":19},"end":{"line":66,"column":26}}]},"3":{"loc":{"start":{"line":74,"column":2},"end":{"line":78,"column":3}},"type":"if","locations":[{"start":{"line":74,"column":2},"end":{"line":78,"column":3}},{"start":{},"end":{}}]},"4":{"loc":{"start":{"line":85,"column":2},"end":{"line":89,"column":3}},"type":"if","locations":[{"start":{"line":85,"column":2},"end":{"line":89,"column":3}},{"start":{},"end":{}}]},"5":{"loc":{"start":{"line":111,"column":2},"end":{"line":115,"column":3}},"type":"if","locations":[{"start":{"line":111,"column":2},"end":{"line":115,"column":3}},{"start":{},"end":{}}]},"6":{"loc":{"start":{"line":117,"column":2},"end":{"line":121,"column":3}},"type":"if","locations":[{"start":{"line":117,"column":2},"end":{"line":121,"column":3}},{"start":{},"end":{}}]},"7":{"loc":{"start":{"line":140,"column":2},"end":{"line":144,"column":3}},"type":"if","locations":[{"start":{"line":140,"column":2},"end":{"line":144,"column":3}},{"start":{},"end":{}}]},"8":{"loc":{"start":{"line":140,"column":6},"end":{"line":140,"column":26}},"type":"binary-expr","locations":[{"start":{"line":140,"column":6},"end":{"line":140,"column":15}},{"start":{"line":140,"column":19},"end":{"line":140,"column":26}}]},"9":{"loc":{"start":{"line":149,"column":2},"end":{"line":153,"column":3}},"type":"if","locations":[{"start":{"line":149,"column":2},"end":{"line":153,"column":3}},{"start":{},"end":{}}]},"10":{"loc":{"start":{"line":161,"column":2},"end":{"line":165,"column":3}},"type":"if","locations":[{"start":{"line":161,"column":2},"end":{"line":165,"column":3}},{"start":{},"end":{}}]},"11":{"loc":{"start":{"line":167,"column":2},"end":{"line":171,"column":3}},"type":"if","locations":[{"start":{"line":167,"column":2},"end":{"line":171,"column":3}},{"start":{},"end":{}}]},"12":{"loc":{"start":{"line":187,"column":2},"end":{"line":191,"column":3}},"type":"if","locations":[{"start":{"line":187,"column":2},"end":{"line":191,"column":3}},{"start":{},"end":{}}]},"13":{"loc":{"start":{"line":187,"column":6},"end":{"line":187,"column":26}},"type":"binary-expr","locations":[{"start":{"line":187,"column":6},"end":{"line":187,"column":15}},{"start":{"line":187,"column":19},"end":{"line":187,"column":26}}]},"14":{"loc":{"start":{"line":200,"column":2},"end":{"line":204,"column":3}},"type":"if","locations":[{"start":{"line":200,"column":2},"end":{"line":204,"column":3}},{"start":{},"end":{}}]},"15":{"loc":{"start":{"line":206,"column":2},"end":{"line":210,"column":3}},"type":"if","locations":[{"start":{"line":206,"column":2},"end":{"line":210,"column":3}},{"start":{},"end":{}}]},"16":{"loc":{"start":{"line":212,"column":2},"end":{"line":216,"column":3}},"type":"if","locations":[{"start":{"line":212,"column":2},"end":{"line":216,"column":3}},{"start":{},"end":{}}]}},"s":{"0":2,"1":2,"2":2,"3":2,"4":2,"5":6,"6":6,"7":3,"8":3,"9":1,"10":2,"11":2,"12":2,"13":2,"14":10,"15":10,"16":10,"17":3,"18":7,"19":4,"20":2,"21":2,"22":3,"23":1,"24":2,"25":2,"26":2,"27":2,"28":7,"29":7,"30":2,"31":5,"32":1,"33":4,"34":2,"35":2,"36":2,"37":2,"38":2,"39":11,"40":11,"41":11,"42":1,"43":10,"44":10,"45":5,"46":2,"47":3,"48":5,"49":1,"50":4,"51":2,"52":2,"53":2,"54":2,"55":2,"56":10,"57":10,"58":10,"59":1,"60":9,"61":2,"62":7,"63":1,"64":6,"65":2,"66":4,"67":2,"68":2,"69":2,"70":2},"f":{"0":6,"1":10,"2":7,"3":11,"4":10},"b":{"0":[1,2],"1":[3,7],"2":[10,9],"3":[2,2],"4":[1,2],"5":[1,4],"6":[2,2],"7":[1,10],"8":[11,10],"9":[2,3],"10":[1,4],"11":[2,2],"12":[1,9],"13":[10,9],"14":[1,6],"15":[2,4],"16":[2,2]}}
,"D:\\Projects\\test\\src\\errors\\business-logic.error.ts": {"path":"D:\\Projects\\test\\src\\errors\\business-logic.error.ts","statementMap":{"0":{"start":{"line":3,"column":2},"end":{"line":3,"column":null}},"1":{"start":{"line":4,"column":2},"end":{"line":4,"column":null}},"2":{"start":{"line":8,"column":0},"end":{"line":8,"column":null}}},"fnMap":{"0":{"name":"(anonymous_0)","decl":{"start":{"line":2,"column":1},"end":{"line":2,"column":13}},"loc":{"start":{"line":2,"column":28},"end":{"line":5,"column":2}}}},"branchMap":{},"s":{"0":11,"1":11,"2":3},"f":{"0":11},"b":{}}
,"D:\\Projects\\test\\src\\errors\\entity-not-found.error.ts": {"path":"D:\\Projects\\test\\src\\errors\\entity-not-found.error.ts","statementMap":{"0":{"start":{"line":3,"column":2},"end":{"line":3,"column":null}},"1":{"start":{"line":4,"column":2},"end":{"line":4,"column":null}},"2":{"start":{"line":7,"column":0},"end":{"line":7,"column":null}}},"fnMap":{"0":{"name":"(anonymous_0)","decl":{"start":{"line":2,"column":1},"end":{"line":2,"column":13}},"loc":{"start":{"line":2,"column":52},"end":{"line":5,"column":2}}}},"branchMap":{},"s":{"0":3,"1":3,"2":3},"f":{"0":3},"b":{}}
,"D:\\Projects\\test\\src\\errors\\validation.error.ts": {"path":"D:\\Projects\\test\\src\\errors\\validation.error.ts","statementMap":{"0":{"start":{"line":3,"column":2},"end":{"line":3,"column":null}},"1":{"start":{"line":4,"column":2},"end":{"line":4,"column":null}},"2":{"start":{"line":8,"column":0},"end":{"line":8,"column":null}}},"fnMap":{"0":{"name":"(anonymous_0)","decl":{"start":{"line":2,"column":1},"end":{"line":2,"column":13}},"loc":{"start":{"line":2,"column":28},"end":{"line":5,"column":2}}}},"branchMap":{},"s":{"0":41,"1":41,"2":3},"f":{"0":41},"b":{}}
,"D:\\Projects\\test\\src\\helpers\\services.helper.ts": {"path":"D:\\Projects\\test\\src\\helpers\\services.helper.ts","statementMap":{"0":{"start":{"line":9,"column":55},"end":{"line":10,"column":117}},"1":{"start":{"line":10,"column":4},"end":{"line":10,"column":117}},"2":{"start":{"line":10,"column":77},"end":{"line":10,"column":103}},"3":{"start":{"line":12,"column":9},"end":{"line":12,"column":31}}},"fnMap":{"0":{"name":"(anonymous_0)","decl":{"start":{"line":9,"column":55},"end":{"line":9,"column":56}},"loc":{"start":{"line":10,"column":4},"end":{"line":10,"column":117}}},"1":{"name":"(anonymous_1)","decl":{"start":{"line":10,"column":59},"end":{"line":10,"column":60}},"loc":{"start":{"line":10,"column":77},"end":{"line":10,"column":103}}}},"branchMap":{"0":{"loc":{"start":{"line":10,"column":4},"end":{"line":10,"column":117}},"type":"cond-expr","locations":[{"start":{"line":10,"column":13},"end":{"line":10,"column":105}},{"start":{"line":10,"column":108},"end":{"line":10,"column":117}}]}},"s":{"0":1,"1":5,"2":1,"3":1},"f":{"0":5,"1":1},"b":{"0":[1,4]}}
,"D:\\Projects\\test\\src\\routes\\tags.routes.ts": {"path":"D:\\Projects\\test\\src\\routes\\tags.routes.ts","statementMap":{"0":{"start":{"line":3,"column":0},"end":{"line":3,"column":null}},"1":{"start":{"line":10,"column":0},"end":{"line":10,"column":93}},"2":{"start":{"line":11,"column":0},"end":{"line":11,"column":65}},"3":{"start":{"line":15,"column":1},"end":{"line":100,"column":null}},"4":{"start":{"line":103,"column":1},"end":{"line":133,"column":null}},"5":{"start":{"line":136,"column":1},"end":{"line":167,"column":null}},"6":{"start":{"line":170,"column":1},"end":{"line":215,"column":null}},"7":{"start":{"line":218,"column":1},"end":{"line":241,"column":null}},"8":{"start":{"line":244,"column":0},"end":{"line":244,"column":null}}},"fnMap":{"0":{"name":"tagsRoutes","decl":{"start":{"line":13,"column":15},"end":{"line":13,"column":25}},"loc":{"start":{"line":13,"column":50},"end":{"line":242,"column":1}}}},"branchMap":{},"s":{"0":1,"1":1,"2":1,"3":22,"4":22,"5":22,"6":22,"7":22,"8":1},"f":{"0":22},"b":{}}
,"D:\\Projects\\test\\src\\schemas\\response.schema.ts": {"path":"D:\\Projects\\test\\src\\schemas\\response.schema.ts","statementMap":{"0":{"start":{"line":1,"column":13},"end":{"line":11,"column":null}}},"fnMap":{},"branchMap":{},"s":{"0":1},"f":{},"b":{}}
,"D:\\Projects\\test\\src\\schemas\\tag.schema.ts": {"path":"D:\\Projects\\test\\src\\schemas\\tag.schema.ts","statementMap":{"0":{"start":{"line":1,"column":0},"end":{"line":1,"column":48}},"1":{"start":{"line":4,"column":21},"end":{"line":25,"column":null}},"2":{"start":{"line":88,"column":1},"end":{"line":88,"column":13}},"3":{"start":{"line":29,"column":24},"end":{"line":41,"column":null}},"4":{"start":{"line":86,"column":1},"end":{"line":86,"column":16}},"5":{"start":{"line":45,"column":24},"end":{"line":63,"column":null}},"6":{"start":{"line":89,"column":1},"end":{"line":89,"column":16}},"7":{"start":{"line":67,"column":27},"end":{"line":76,"column":null}},"8":{"start":{"line":87,"column":1},"end":{"line":87,"column":19}}},"fnMap":{},"branchMap":{},"s":{"0":1,"1":1,"2":1,"3":1,"4":1,"5":1,"6":1,"7":1,"8":1},"f":{},"b":{}}
,"D:\\Projects\\test\\src\\services\\tags.service.ts": {"path":"D:\\Projects\\test\\src\\services\\tags.service.ts","statementMap":{"0":{"start":{"line":1,"column":0},"end":{"line":1,"column":64}},"1":{"start":{"line":2,"column":0},"end":{"line":2,"column":67}},"2":{"start":{"line":3,"column":0},"end":{"line":3,"column":57}},"3":{"start":{"line":4,"column":0},"end":{"line":4,"column":68}},"4":{"start":{"line":13,"column":0},"end":{"line":13,"column":36}},"5":{"start":{"line":21,"column":47},"end":{"line":84,"column":1}},"6":{"start":{"line":22,"column":54},"end":{"line":22,"column":60}},"7":{"start":{"line":25,"column":1},"end":{"line":27,"column":2}},"8":{"start":{"line":26,"column":2},"end":{"line":26,"column":null}},"9":{"start":{"line":28,"column":1},"end":{"line":30,"column":2}},"10":{"start":{"line":29,"column":2},"end":{"line":29,"column":null}},"11":{"start":{"line":32,"column":23},"end":{"line":32,"column":27}},"12":{"start":{"line":33,"column":27},"end":{"line":33,"column":35}},"13":{"start":{"line":34,"column":14},"end":{"line":34,"column":53}},"14":{"start":{"line":37,"column":21},"end":{"line":37,"column":51}},"15":{"start":{"line":40,"column":23},"end":{"line":40,"column":111}},"16":{"start":{"line":42,"column":1},"end":{"line":83,"column":2}},"17":{"start":{"line":44,"column":24},"end":{"line":58,"column":4}},"18":{"start":{"line":60,"column":21},"end":{"line":60,"column":57}},"19":{"start":{"line":63,"column":23},"end":{"line":67,"column":4}},"20":{"start":{"line":63,"column":59},"end":{"line":67,"column":4}},"21":{"start":{"line":69,"column":2},"end":{"line":77,"column":null}},"22":{"start":{"line":79,"column":2},"end":{"line":81,"column":3}},"23":{"start":{"line":80,"column":3},"end":{"line":80,"column":null}},"24":{"start":{"line":82,"column":2},"end":{"line":82,"column":null}},"25":{"start":{"line":373,"column":1},"end":{"line":373,"column":15}},"26":{"start":{"line":92,"column":45},"end":{"line":124,"column":1}},"27":{"start":{"line":94,"column":1},"end":{"line":96,"column":2}},"28":{"start":{"line":95,"column":2},"end":{"line":95,"column":null}},"29":{"start":{"line":98,"column":1},"end":{"line":123,"column":2}},"30":{"start":{"line":99,"column":14},"end":{"line":107,"column":4}},"31":{"start":{"line":109,"column":2},"end":{"line":111,"column":3}},"32":{"start":{"line":110,"column":3},"end":{"line":110,"column":null}},"33":{"start":{"line":113,"column":2},"end":{"line":117,"column":null}},"34":{"start":{"line":119,"column":2},"end":{"line":121,"column":3}},"35":{"start":{"line":120,"column":3},"end":{"line":120,"column":null}},"36":{"start":{"line":122,"column":2},"end":{"line":122,"column":null}},"37":{"start":{"line":372,"column":1},"end":{"line":372,"column":14}},"38":{"start":{"line":133,"column":51},"end":{"line":186,"column":1}},"39":{"start":{"line":135,"column":1},"end":{"line":137,"column":2}},"40":{"start":{"line":136,"column":2},"end":{"line":136,"column":null}},"41":{"start":{"line":139,"column":21},"end":{"line":139,"column":37}},"42":{"start":{"line":140,"column":1},"end":{"line":142,"column":2}},"43":{"start":{"line":141,"column":2},"end":{"line":141,"column":null}},"44":{"start":{"line":144,"column":1},"end":{"line":146,"column":2}},"45":{"start":{"line":145,"column":2},"end":{"line":145,"column":null}},"46":{"start":{"line":148,"column":1},"end":{"line":185,"column":2}},"47":{"start":{"line":150,"column":22},"end":{"line":153,"column":4}},"48":{"start":{"line":155,"column":2},"end":{"line":157,"column":3}},"49":{"start":{"line":156,"column":3},"end":{"line":156,"column":null}},"50":{"start":{"line":159,"column":14},"end":{"line":169,"column":4}},"51":{"start":{"line":171,"column":2},"end":{"line":175,"column":null}},"52":{"start":{"line":177,"column":2},"end":{"line":179,"column":3}},"53":{"start":{"line":178,"column":3},"end":{"line":178,"column":null}},"54":{"start":{"line":181,"column":2},"end":{"line":183,"column":3}},"55":{"start":{"line":182,"column":3},"end":{"line":182,"column":null}},"56":{"start":{"line":184,"column":2},"end":{"line":184,"column":null}},"57":{"start":{"line":370,"column":1},"end":{"line":370,"column":17}},"58":{"start":{"line":195,"column":51},"end":{"line":268,"column":1}},"59":{"start":{"line":196,"column":22},"end":{"line":196,"column":26}},"60":{"start":{"line":199,"column":1},"end":{"line":201,"column":2}},"61":{"start":{"line":200,"column":2},"end":{"line":200,"column":null}},"62":{"start":{"line":203,"column":1},"end":{"line":229,"column":2}},"63":{"start":{"line":204,"column":2},"end":{"line":206,"column":3}},"64":{"start":{"line":205,"column":3},"end":{"line":205,"column":null}},"65":{"start":{"line":208,"column":22},"end":{"line":208,"column":33}},"66":{"start":{"line":209,"column":2},"end":{"line":211,"column":3}},"67":{"start":{"line":210,"column":3},"end":{"line":210,"column":null}},"68":{"start":{"line":213,"column":2},"end":{"line":215,"column":3}},"69":{"start":{"line":214,"column":3},"end":{"line":214,"column":null}},"70":{"start":{"line":218,"column":22},"end":{"line":224,"column":4}},"71":{"start":{"line":226,"column":2},"end":{"line":228,"column":3}},"72":{"start":{"line":227,"column":3},"end":{"line":227,"column":null}},"73":{"start":{"line":231,"column":1},"end":{"line":267,"column":2}},"74":{"start":{"line":233,"column":40},"end":{"line":233,"column":42}},"75":{"start":{"line":234,"column":2},"end":{"line":236,"column":3}},"76":{"start":{"line":235,"column":3},"end":{"line":235,"column":null}},"77":{"start":{"line":238,"column":14},"end":{"line":247,"column":4}},"78":{"start":{"line":249,"column":2},"end":{"line":253,"column":null}},"79":{"start":{"line":255,"column":2},"end":{"line":257,"column":3}},"80":{"start":{"line":256,"column":3},"end":{"line":256,"column":null}},"81":{"start":{"line":259,"column":2},"end":{"line":261,"column":3}},"82":{"start":{"line":260,"column":3},"end":{"line":260,"column":null}},"83":{"start":{"line":263,"column":2},"end":{"line":265,"column":3}},"84":{"start":{"line":264,"column":3},"end":{"line":264,"column":null}},"85":{"start":{"line":266,"column":2},"end":{"line":266,"column":null}},"86":{"start":{"line":374,"column":1},"end":{"line":374,"column":17}},"87":{"start":{"line":278,"column":40},"end":{"line":327,"column":1}},"88":{"start":{"line":280,"column":1},"end":{"line":282,"column":2}},"89":{"start":{"line":281,"column":2},"end":{"line":281,"column":null}},"90":{"start":{"line":284,"column":1},"end":{"line":326,"column":2}},"91":{"start":{"line":285,"column":2},"end":{"line":316,"column":null}},"92":{"start":{"line":287,"column":23},"end":{"line":290,"column":5}},"93":{"start":{"line":292,"column":3},"end":{"line":294,"column":4}},"94":{"start":{"line":293,"column":4},"end":{"line":293,"column":null}},"95":{"start":{"line":297,"column":83},"end":{"line":303,"column":5}},"96":{"start":{"line":305,"column":27},"end":{"line":305,"column":100}},"97":{"start":{"line":307,"column":3},"end":{"line":311,"column":4}},"98":{"start":{"line":308,"column":4},"end":{"line":310,"column":null}},"99":{"start":{"line":313,"column":3},"end":{"line":315,"column":null}},"100":{"start":{"line":318,"column":2},"end":{"line":324,"column":3}},"101":{"start":{"line":323,"column":3},"end":{"line":323,"column":null}},"102":{"start":{"line":325,"column":2},"end":{"line":325,"column":null}},"103":{"start":{"line":371,"column":1},"end":{"line":371,"column":17}},"104":{"start":{"line":336,"column":34},"end":{"line":366,"column":1}},"105":{"start":{"line":338,"column":1},"end":{"line":340,"column":2}},"106":{"start":{"line":339,"column":2},"end":{"line":339,"column":null}},"107":{"start":{"line":342,"column":21},"end":{"line":342,"column":32}},"108":{"start":{"line":343,"column":1},"end":{"line":345,"column":2}},"109":{"start":{"line":344,"column":2},"end":{"line":344,"column":null}},"110":{"start":{"line":347,"column":1},"end":{"line":349,"column":2}},"111":{"start":{"line":348,"column":2},"end":{"line":348,"column":null}},"112":{"start":{"line":351,"column":1},"end":{"line":365,"column":2}},"113":{"start":{"line":352,"column":22},"end":{"line":358,"column":4}},"114":{"start":{"line":360,"column":2},"end":{"line":360,"column":null}},"115":{"start":{"line":362,"column":2},"end":{"line":364,"column":null}},"116":{"start":{"line":369,"column":1},"end":{"line":369,"column":26}}},"fnMap":{"0":{"name":"(anonymous_1)","decl":{"start":{"line":21,"column":47},"end":{"line":21,"column":52}},"loc":{"start":{"line":21,"column":64},"end":{"line":84,"column":1}}},"1":{"name":"(anonymous_2)","decl":{"start":{"line":63,"column":23},"end":{"line":63,"column":24}},"loc":{"start":{"line":63,"column":59},"end":{"line":67,"column":4}}},"2":{"name":"(anonymous_3)","decl":{"start":{"line":92,"column":45},"end":{"line":92,"column":50}},"loc":{"start":{"line":92,"column":66},"end":{"line":124,"column":1}}},"3":{"name":"(anonymous_4)","decl":{"start":{"line":133,"column":51},"end":{"line":133,"column":56}},"loc":{"start":{"line":133,"column":66},"end":{"line":186,"column":1}}},"4":{"name":"(anonymous_5)","decl":{"start":{"line":195,"column":51},"end":{"line":195,"column":56}},"loc":{"start":{"line":195,"column":66},"end":{"line":268,"column":1}}},"5":{"name":"(anonymous_6)","decl":{"start":{"line":278,"column":40},"end":{"line":278,"column":45}},"loc":{"start":{"line":278,"column":61},"end":{"line":327,"column":1}}},"6":{"name":"(anonymous_7)","decl":{"start":{"line":285,"column":28},"end":{"line":285,"column":33}},"loc":{"start":{"line":285,"column":41},"end":{"line":316,"column":3}}},"7":{"name":"(anonymous_8)","decl":{"start":{"line":336,"column":34},"end":{"line":336,"column":39}},"loc":{"start":{"line":336,"column":95},"end":{"line":366,"column":1}}}},"branchMap":{"0":{"loc":{"start":{"line":22,"column":9},"end":{"line":22,"column":17}},"type":"default-arg","locations":[{"start":{"line":22,"column":16},"end":{"line":22,"column":17}}]},"1":{"loc":{"start":{"line":22,"column":19},"end":{"line":22,"column":32}},"type":"default-arg","locations":[{"start":{"line":22,"column":30},"end":{"line":22,"column":32}}]},"2":{"loc":{"start":{"line":25,"column":1},"end":{"line":27,"column":2}},"type":"if","locations":[{"start":{"line":25,"column":1},"end":{"line":27,"column":2}},{"start":{},"end":{}}]},"3":{"loc":{"start":{"line":28,"column":1},"end":{"line":30,"column":2}},"type":"if","locations":[{"start":{"line":28,"column":1},"end":{"line":30,"column":2}},{"start":{},"end":{}}]},"4":{"loc":{"start":{"line":28,"column":5},"end":{"line":28,"column":35}},"type":"binary-expr","locations":[{"start":{"line":28,"column":5},"end":{"line":28,"column":17}},{"start":{"line":28,"column":21},"end":{"line":28,"column":35}}]},"5":{"loc":{"start":{"line":40,"column":23},"end":{"line":40,"column":111}},"type":"cond-expr","locations":[{"start":{"line":40,"column":34},"end":{"line":40,"column":82}},{"start":{"line":40,"column":86},"end":{"line":40,"column":111}}]},"6":{"loc":{"start":{"line":79,"column":2},"end":{"line":81,"column":3}},"type":"if","locations":[{"start":{"line":79,"column":2},"end":{"line":81,"column":3}},{"start":{},"end":{}}]},"7":{"loc":{"start":{"line":82,"column":46},"end":{"line":82,"column":102}},"type":"cond-expr","locations":[{"start":{"line":82,"column":71},"end":{"line":82,"column":84}},{"start":{"line":82,"column":87},"end":{"line":82,"column":102}}]},"8":{"loc":{"start":{"line":94,"column":1},"end":{"line":96,"column":2}},"type":"if","locations":[{"start":{"line":94,"column":1},"end":{"line":96,"column":2}},{"start":{},"end":{}}]},"9":{"loc":{"start":{"line":94,"column":5},"end":{"line":94,"column":37}},"type":"binary-expr","locations":[{"start":{"line":94,"column":5},"end":{"line":94,"column":26}},{"start":{"line":94,"column":30},"end":{"line":94,"column":37}}]},"10":{"loc":{"start":{"line":109,"column":2},"end":{"line":111,"column":3}},"type":"if","locations":[{"start":{"line":109,"column":2},"end":{"line":111,"column":3}},{"start":{},"end":{}}]},"11":{"loc":{"start":{"line":119,"column":2},"end":{"line":121,"column":3}},"type":"if","locations":[{"start":{"line":119,"column":2},"end":{"line":121,"column":3}},{"start":{},"end":{}}]},"12":{"loc":{"start":{"line":122,"column":45},"end":{"line":122,"column":101}},"type":"cond-expr","locations":[{"start":{"line":122,"column":70},"end":{"line":122,"column":83}},{"start":{"line":122,"column":86},"end":{"line":122,"column":101}}]},"13":{"loc":{"start":{"line":135,"column":1},"end":{"line":137,"column":2}},"type":"if","locations":[{"start":{"line":135,"column":1},"end":{"line":137,"column":2}},{"start":{},"end":{}}]},"14":{"loc":{"start":{"line":135,"column":5},"end":{"line":135,"column":48}},"type":"binary-expr","locations":[{"start":{"line":135,"column":5},"end":{"line":135,"column":15}},{"start":{"line":135,"column":19},"end":{"line":135,"column":48}}]},"15":{"loc":{"start":{"line":140,"column":1},"end":{"line":142,"column":2}},"type":"if","locations":[{"start":{"line":140,"column":1},"end":{"line":142,"column":2}},{"start":{},"end":{}}]},"16":{"loc":{"start":{"line":144,"column":1},"end":{"line":146,"column":2}},"type":"if","locations":[{"start":{"line":144,"column":1},"end":{"line":146,"column":2}},{"start":{},"end":{}}]},"17":{"loc":{"start":{"line":155,"column":2},"end":{"line":157,"column":3}},"type":"if","locations":[{"start":{"line":155,"column":2},"end":{"line":157,"column":3}},{"start":{},"end":{}}]},"18":{"loc":{"start":{"line":177,"column":2},"end":{"line":179,"column":3}},"type":"if","locations":[{"start":{"line":177,"column":2},"end":{"line":179,"column":3}},{"start":{},"end":{}}]},"19":{"loc":{"start":{"line":177,"column":6},"end":{"line":177,"column":77}},"type":"binary-expr","locations":[{"start":{"line":177,"column":6},"end":{"line":177,"column":38}},{"start":{"line":177,"column":42},"end":{"line":177,"column":77}}]},"20":{"loc":{"start":{"line":181,"column":2},"end":{"line":183,"column":3}},"type":"if","locations":[{"start":{"line":181,"column":2},"end":{"line":183,"column":3}},{"start":{},"end":{}}]},"21":{"loc":{"start":{"line":181,"column":6},"end":{"line":181,"column":73}},"type":"binary-expr","locations":[{"start":{"line":181,"column":6},"end":{"line":181,"column":28}},{"start":{"line":181,"column":32},"end":{"line":181,"column":47}},{"start":{"line":181,"column":51},"end":{"line":181,"column":73}}]},"22":{"loc":{"start":{"line":184,"column":43},"end":{"line":184,"column":99}},"type":"cond-expr","locations":[{"start":{"line":184,"column":68},"end":{"line":184,"column":81}},{"start":{"line":184,"column":84},"end":{"line":184,"column":99}}]},"23":{"loc":{"start":{"line":199,"column":1},"end":{"line":201,"column":2}},"type":"if","locations":[{"start":{"line":199,"column":1},"end":{"line":201,"column":2}},{"start":{},"end":{}}]},"24":{"loc":{"start":{"line":199,"column":5},"end":{"line":199,"column":37}},"type":"binary-expr","locations":[{"start":{"line":199,"column":5},"end":{"line":199,"column":26}},{"start":{"line":199,"column":30},"end":{"line":199,"column":37}}]},"25":{"loc":{"start":{"line":203,"column":1},"end":{"line":229,"column":2}},"type":"if","locations":[{"start":{"line":203,"column":1},"end":{"line":229,"column":2}},{"start":{},"end":{}}]},"26":{"loc":{"start":{"line":204,"column":2},"end":{"line":206,"column":3}},"type":"if","locations":[{"start":{"line":204,"column":2},"end":{"line":206,"column":3}},{"start":{},"end":{}}]},"27":{"loc":{"start":{"line":209,"column":2},"end":{"line":211,"column":3}},"type":"if","locations":[{"start":{"line":209,"column":2},"end":{"line":211,"column":3}},{"start":{},"end":{}}]},"28":{"loc":{"start":{"line":213,"column":2},"end":{"line":215,"column":3}},"type":"if","locations":[{"start":{"line":213,"column":2},"end":{"line":215,"column":3}},{"start":{},"end":{}}]},"29":{"loc":{"start":{"line":226,"column":2},"end":{"line":228,"column":3}},"type":"if","locations":[{"start":{"line":226,"column":2},"end":{"line":228,"column":3}},{"start":{},"end":{}}]},"30":{"loc":{"start":{"line":234,"column":2},"end":{"line":236,"column":3}},"type":"if","locations":[{"start":{"line":234,"column":2},"end":{"line":236,"column":3}},{"start":{},"end":{}}]},"31":{"loc":{"start":{"line":255,"column":2},"end":{"line":257,"column":3}},"type":"if","locations":[{"start":{"line":255,"column":2},"end":{"line":257,"column":3}},{"start":{},"end":{}}]},"32":{"loc":{"start":{"line":255,"column":6},"end":{"line":255,"column":77}},"type":"binary-expr","locations":[{"start":{"line":255,"column":6},"end":{"line":255,"column":38}},{"start":{"line":255,"column":42},"end":{"line":255,"column":77}}]},"33":{"loc":{"start":{"line":259,"column":2},"end":{"line":261,"column":3}},"type":"if","locations":[{"start":{"line":259,"column":2},"end":{"line":261,"column":3}},{"start":{},"end":{}}]},"34":{"loc":{"start":{"line":259,"column":6},"end":{"line":259,"column":73}},"type":"binary-expr","locations":[{"start":{"line":259,"column":6},"end":{"line":259,"column":28}},{"start":{"line":259,"column":32},"end":{"line":259,"column":47}},{"start":{"line":259,"column":51},"end":{"line":259,"column":73}}]},"35":{"loc":{"start":{"line":263,"column":2},"end":{"line":265,"column":3}},"type":"if","locations":[{"start":{"line":263,"column":2},"end":{"line":265,"column":3}},{"start":{},"end":{}}]},"36":{"loc":{"start":{"line":263,"column":6},"end":{"line":263,"column":73}},"type":"binary-expr","locations":[{"start":{"line":263,"column":6},"end":{"line":263,"column":28}},{"start":{"line":263,"column":32},"end":{"line":263,"column":47}},{"start":{"line":263,"column":51},"end":{"line":263,"column":73}}]},"37":{"loc":{"start":{"line":266,"column":43},"end":{"line":266,"column":99}},"type":"cond-expr","locations":[{"start":{"line":266,"column":68},"end":{"line":266,"column":81}},{"start":{"line":266,"column":84},"end":{"line":266,"column":99}}]},"38":{"loc":{"start":{"line":280,"column":1},"end":{"line":282,"column":2}},"type":"if","locations":[{"start":{"line":280,"column":1},"end":{"line":282,"column":2}},{"start":{},"end":{}}]},"39":{"loc":{"start":{"line":280,"column":5},"end":{"line":280,"column":37}},"type":"binary-expr","locations":[{"start":{"line":280,"column":5},"end":{"line":280,"column":26}},{"start":{"line":280,"column":30},"end":{"line":280,"column":37}}]},"40":{"loc":{"start":{"line":292,"column":3},"end":{"line":294,"column":4}},"type":"if","locations":[{"start":{"line":292,"column":3},"end":{"line":294,"column":4}},{"start":{},"end":{}}]},"41":{"loc":{"start":{"line":307,"column":3},"end":{"line":311,"column":4}},"type":"if","locations":[{"start":{"line":307,"column":3},"end":{"line":311,"column":4}},{"start":{},"end":{}}]},"42":{"loc":{"start":{"line":318,"column":2},"end":{"line":324,"column":3}},"type":"if","locations":[{"start":{"line":318,"column":2},"end":{"line":324,"column":3}},{"start":{},"end":{}}]},"43":{"loc":{"start":{"line":319,"column":3},"end":{"line":321,"column":38}},"type":"binary-expr","locations":[{"start":{"line":319,"column":3},"end":{"line":319,"column":35}},{"start":{"line":320,"column":3},"end":{"line":320,"column":39}},{"start":{"line":321,"column":3},"end":{"line":321,"column":38}}]},"44":{"loc":{"start":{"line":325,"column":43},"end":{"line":325,"column":99}},"type":"cond-expr","locations":[{"start":{"line":325,"column":68},"end":{"line":325,"column":81}},{"start":{"line":325,"column":84},"end":{"line":325,"column":99}}]},"45":{"loc":{"start":{"line":338,"column":1},"end":{"line":340,"column":2}},"type":"if","locations":[{"start":{"line":338,"column":1},"end":{"line":340,"column":2}},{"start":{},"end":{}}]},"46":{"loc":{"start":{"line":338,"column":5},"end":{"line":338,"column":38}},"type":"binary-expr","locations":[{"start":{"line":338,"column":5},"end":{"line":338,"column":10}},{"start":{"line":338,"column":14},"end":{"line":338,"column":38}}]},"47":{"loc":{"start":{"line":343,"column":1},"end":{"line":345,"column":2}},"type":"if","locations":[{"start":{"line":343,"column":1},"end":{"line":345,"column":2}},{"start":{},"end":{}}]},"48":{"loc":{"start":{"line":347,"column":1},"end":{"line":349,"column":2}},"type":"if","locations":[{"start":{"line":347,"column":1},"end":{"line":349,"column":2}},{"start":{},"end":{}}]},"49":{"loc":{"start":{"line":347,"column":5},"end":{"line":347,"column":80}},"type":"binary-expr","locations":[{"start":{"line":347,"column":5},"end":{"line":347,"column":28}},{"start":{"line":347,"column":33},"end":{"line":347,"column":61}},{"start":{"line":347,"column":65},"end":{"line":347,"column":79}}]},"50":{"loc":{"start":{"line":355,"column":8},"end":{"line":355,"column":47}},"type":"binary-expr","locations":[{"start":{"line":355,"column":8},"end":{"line":355,"column":17}},{"start":{"line":355,"column":21},"end":{"line":355,"column":47}}]},"51":{"loc":{"start":{"line":363,"column":42},"end":{"line":363,"column":98}},"type":"cond-expr","locations":[{"start":{"line":363,"column":67},"end":{"line":363,"column":80}},{"start":{"line":363,"column":83},"end":{"line":363,"column":98}}]}},"s":{"0":2,"1":2,"2":2,"3":2,"4":2,"5":2,"6":12,"7":12,"8":2,"9":10,"10":2,"11":8,"12":8,"13":8,"14":8,"15":8,"16":8,"17":8,"18":5,"19":5,"20":6,"21":5,"22":3,"23":1,"24":2,"25":2,"26":2,"27":10,"28":3,"29":7,"30":7,"31":4,"32":2,"33":2,"34":3,"35":1,"36":2,"37":2,"38":2,"39":15,"40":4,"41":11,"42":11,"43":1,"44":10,"45":1,"46":9,"47":9,"48":8,"49":2,"50":6,"51":3,"52":6,"53":3,"54":3,"55":1,"56":2,"57":2,"58":2,"59":19,"60":19,"61":3,"62":16,"63":15,"64":1,"65":14,"66":14,"67":2,"68":12,"69":1,"70":11,"71":10,"72":2,"73":9,"74":9,"75":9,"76":8,"77":9,"78":4,"79":5,"80":0,"81":5,"82":2,"83":3,"84":1,"85":2,"86":2,"87":2,"88":12,"89":3,"90":9,"91":9,"92":6,"93":6,"94":2,"95":4,"96":4,"97":4,"98":2,"99":2,"100":7,"101":5,"102":2,"103":2,"104":2,"105":13,"106":4,"107":9,"108":9,"109":1,"110":8,"111":3,"112":5,"113":5,"114":4,"115":1,"116":2},"f":{"0":12,"1":6,"2":10,"3":15,"4":19,"5":12,"6":6,"7":13},"b":{"0":[6],"1":[6],"2":[2,10],"3":[2,8],"4":[10,9],"5":[1,7],"6":[1,2],"7":[2,0],"8":[3,7],"9":[10,9],"10":[2,2],"11":[1,2],"12":[2,0],"13":[4,11],"14":[15,12],"15":[1,10],"16":[1,9],"17":[2,6],"18":[3,3],"19":[6,5],"20":[1,2],"21":[3,3,1],"22":[2,0],"23":[3,16],"24":[19,18],"25":[15,1],"26":[1,14],"27":[2,12],"28":[1,11],"29":[2,8],"30":[8,1],"31":[0,5],"32":[5,5],"33":[2,3],"34":[5,5,3],"35":[1,2],"36":[3,3,1],"37":[2,0],"38":[3,9],"39":[12,11],"40":[2,4],"41":[2,2],"42":[5,2],"43":[7,6,4],"44":[2,0],"45":[4,9],"46":[13,10],"47":[1,8],"48":[3,5],"49":[8,4,3],"50":[5,1],"51":[1,0]}}
}
