TN:
SF:src\controllers\tags.controller.ts
FN:33,(anonymous_1)
FN:62,(anonymous_2)
FN:101,(anonymous_3)
FN:133,(anonymous_4)
FN:183,(anonymous_5)
FNF:5
FNH:5
FNDA:6,(anonymous_1)
FNDA:10,(anonymous_2)
FNDA:7,(anonymous_3)
FNDA:11,(anonymous_4)
FNDA:10,(anonymous_5)
DA:3,2
DA:4,2
DA:5,2
DA:7,2
DA:33,2
DA:37,6
DA:38,6
DA:40,3
DA:46,3
DA:47,1
DA:52,2
DA:53,2
DA:62,2
DA:63,10
DA:64,10
DA:66,10
DA:67,3
DA:72,7
DA:74,4
DA:75,2
DA:80,2
DA:85,3
DA:86,1
DA:91,2
DA:92,2
DA:101,2
DA:102,7
DA:103,7
DA:105,2
DA:111,5
DA:112,1
DA:117,4
DA:118,2
DA:123,2
DA:124,2
DA:133,2
DA:137,11
DA:138,11
DA:140,11
DA:141,1
DA:146,10
DA:147,10
DA:149,5
DA:150,2
DA:155,3
DA:161,5
DA:162,1
DA:167,4
DA:168,2
DA:173,2
DA:174,2
DA:183,2
DA:184,10
DA:185,10
DA:187,10
DA:188,1
DA:193,9
DA:195,2
DA:200,7
DA:201,1
DA:206,6
DA:207,2
DA:212,4
DA:213,2
DA:218,2
DA:219,2
LF:66
LH:66
BRDA:46,0,0,1
BRDA:46,0,1,2
BRDA:66,1,0,3
BRDA:66,1,1,7
BRDA:66,2,0,10
BRDA:66,2,1,9
BRDA:74,3,0,2
BRDA:74,3,1,2
BRDA:85,4,0,1
BRDA:85,4,1,2
BRDA:111,5,0,1
BRDA:111,5,1,4
BRDA:117,6,0,2
BRDA:117,6,1,2
BRDA:140,7,0,1
BRDA:140,7,1,10
BRDA:140,8,0,11
BRDA:140,8,1,10
BRDA:149,9,0,2
BRDA:149,9,1,3
BRDA:161,10,0,1
BRDA:161,10,1,4
BRDA:167,11,0,2
BRDA:167,11,1,2
BRDA:187,12,0,1
BRDA:187,12,1,9
BRDA:187,13,0,10
BRDA:187,13,1,9
BRDA:200,14,0,1
BRDA:200,14,1,6
BRDA:206,15,0,2
BRDA:206,15,1,4
BRDA:212,16,0,2
BRDA:212,16,1,2
BRF:34
BRH:34
end_of_record
TN:
SF:src\errors\business-logic.error.ts
FN:2,(anonymous_0)
FNF:1
FNH:1
FNDA:11,(anonymous_0)
DA:3,11
DA:4,11
DA:8,3
LF:3
LH:3
BRF:0
BRH:0
end_of_record
TN:
SF:src\errors\entity-not-found.error.ts
FN:2,(anonymous_0)
FNF:1
FNH:1
FNDA:3,(anonymous_0)
DA:3,3
DA:4,3
DA:7,3
LF:3
LH:3
BRF:0
BRH:0
end_of_record
TN:
SF:src\errors\validation.error.ts
FN:2,(anonymous_0)
FNF:1
FNH:1
FNDA:41,(anonymous_0)
DA:3,41
DA:4,41
DA:8,3
LF:3
LH:3
BRF:0
BRH:0
end_of_record
TN:
SF:src\helpers\services.helper.ts
FN:9,(anonymous_0)
FN:10,(anonymous_1)
FNF:2
FNH:2
FNDA:5,(anonymous_0)
FNDA:1,(anonymous_1)
DA:9,1
DA:10,5
DA:12,1
LF:3
LH:3
BRDA:10,0,0,1
BRDA:10,0,1,4
BRF:2
BRH:2
end_of_record
TN:
SF:src\routes\tags.routes.ts
FN:13,tagsRoutes
FNF:1
FNH:1
FNDA:22,tagsRoutes
DA:3,1
DA:10,1
DA:11,1
DA:15,22
DA:103,22
DA:136,22
DA:170,22
DA:218,22
DA:244,1
LF:9
LH:9
BRF:0
BRH:0
end_of_record
TN:
SF:src\schemas\response.schema.ts
FNF:0
FNH:0
DA:1,1
LF:1
LH:1
BRF:0
BRH:0
end_of_record
TN:
SF:src\schemas\tag.schema.ts
FNF:0
FNH:0
DA:1,1
DA:4,1
DA:29,1
DA:45,1
DA:67,1
DA:86,1
DA:87,1
DA:88,1
DA:89,1
LF:9
LH:9
BRF:0
BRH:0
end_of_record
TN:
SF:src\services\tags.service.ts
FN:21,(anonymous_1)
FN:63,(anonymous_2)
FN:92,(anonymous_3)
FN:133,(anonymous_4)
FN:195,(anonymous_5)
FN:278,(anonymous_6)
FN:285,(anonymous_7)
FN:336,(anonymous_8)
FNF:8
FNH:8
FNDA:12,(anonymous_1)
FNDA:6,(anonymous_2)
FNDA:10,(anonymous_3)
FNDA:15,(anonymous_4)
FNDA:19,(anonymous_5)
FNDA:12,(anonymous_6)
FNDA:6,(anonymous_7)
FNDA:13,(anonymous_8)
DA:1,2
DA:2,2
DA:3,2
DA:4,2
DA:13,2
DA:21,2
DA:22,12
DA:25,12
DA:26,2
DA:28,10
DA:29,2
DA:32,8
DA:33,8
DA:34,8
DA:37,8
DA:40,8
DA:42,8
DA:44,8
DA:60,5
DA:63,6
DA:69,5
DA:79,3
DA:80,1
DA:82,2
DA:92,2
DA:94,10
DA:95,3
DA:98,7
DA:99,7
DA:109,4
DA:110,2
DA:113,2
DA:119,3
DA:120,1
DA:122,2
DA:133,2
DA:135,15
DA:136,4
DA:139,11
DA:140,11
DA:141,1
DA:144,10
DA:145,1
DA:148,9
DA:150,9
DA:155,8
DA:156,2
DA:159,6
DA:171,3
DA:177,6
DA:178,3
DA:181,3
DA:182,1
DA:184,2
DA:195,2
DA:196,19
DA:199,19
DA:200,3
DA:203,16
DA:204,15
DA:205,1
DA:208,14
DA:209,14
DA:210,2
DA:213,12
DA:214,1
DA:218,11
DA:226,10
DA:227,2
DA:231,9
DA:233,9
DA:234,9
DA:235,8
DA:238,9
DA:249,4
DA:255,5
DA:256,0
DA:259,5
DA:260,2
DA:263,3
DA:264,1
DA:266,2
DA:278,2
DA:280,12
DA:281,3
DA:284,9
DA:285,9
DA:287,6
DA:292,6
DA:293,2
DA:297,4
DA:305,4
DA:307,4
DA:308,2
DA:313,2
DA:318,7
DA:323,5
DA:325,2
DA:336,2
DA:338,13
DA:339,4
DA:342,9
DA:343,9
DA:344,1
DA:347,8
DA:348,3
DA:351,5
DA:352,5
DA:360,4
DA:362,1
DA:369,2
DA:370,2
DA:371,2
DA:372,2
DA:373,2
DA:374,2
LF:116
LH:115
BRDA:22,0,0,6
BRDA:22,1,0,6
BRDA:25,2,0,2
BRDA:25,2,1,10
BRDA:28,3,0,2
BRDA:28,3,1,8
BRDA:28,4,0,10
BRDA:28,4,1,9
BRDA:40,5,0,1
BRDA:40,5,1,7
BRDA:79,6,0,1
BRDA:79,6,1,2
BRDA:82,7,0,2
BRDA:82,7,1,0
BRDA:94,8,0,3
BRDA:94,8,1,7
BRDA:94,9,0,10
BRDA:94,9,1,9
BRDA:109,10,0,2
BRDA:109,10,1,2
BRDA:119,11,0,1
BRDA:119,11,1,2
BRDA:122,12,0,2
BRDA:122,12,1,0
BRDA:135,13,0,4
BRDA:135,13,1,11
BRDA:135,14,0,15
BRDA:135,14,1,12
BRDA:140,15,0,1
BRDA:140,15,1,10
BRDA:144,16,0,1
BRDA:144,16,1,9
BRDA:155,17,0,2
BRDA:155,17,1,6
BRDA:177,18,0,3
BRDA:177,18,1,3
BRDA:177,19,0,6
BRDA:177,19,1,5
BRDA:181,20,0,1
BRDA:181,20,1,2
BRDA:181,21,0,3
BRDA:181,21,1,3
BRDA:181,21,2,1
BRDA:184,22,0,2
BRDA:184,22,1,0
BRDA:199,23,0,3
BRDA:199,23,1,16
BRDA:199,24,0,19
BRDA:199,24,1,18
BRDA:203,25,0,15
BRDA:203,25,1,1
BRDA:204,26,0,1
BRDA:204,26,1,14
BRDA:209,27,0,2
BRDA:209,27,1,12
BRDA:213,28,0,1
BRDA:213,28,1,11
BRDA:226,29,0,2
BRDA:226,29,1,8
BRDA:234,30,0,8
BRDA:234,30,1,1
BRDA:255,31,0,0
BRDA:255,31,1,5
BRDA:255,32,0,5
BRDA:255,32,1,5
BRDA:259,33,0,2
BRDA:259,33,1,3
BRDA:259,34,0,5
BRDA:259,34,1,5
BRDA:259,34,2,3
BRDA:263,35,0,1
BRDA:263,35,1,2
BRDA:263,36,0,3
BRDA:263,36,1,3
BRDA:263,36,2,1
BRDA:266,37,0,2
BRDA:266,37,1,0
BRDA:280,38,0,3
BRDA:280,38,1,9
BRDA:280,39,0,12
BRDA:280,39,1,11
BRDA:292,40,0,2
BRDA:292,40,1,4
BRDA:307,41,0,2
BRDA:307,41,1,2
BRDA:318,42,0,5
BRDA:318,42,1,2
BRDA:319,43,0,7
BRDA:319,43,1,6
BRDA:319,43,2,4
BRDA:325,44,0,2
BRDA:325,44,1,0
BRDA:338,45,0,4
BRDA:338,45,1,9
BRDA:338,46,0,13
BRDA:338,46,1,10
BRDA:343,47,0,1
BRDA:343,47,1,8
BRDA:347,48,0,3
BRDA:347,48,1,5
BRDA:347,49,0,8
BRDA:347,49,1,4
BRDA:347,49,2,3
BRDA:355,50,0,5
BRDA:355,50,1,1
BRDA:363,51,0,1
BRDA:363,51,1,0
BRF:107
BRH:100
end_of_record
